<?xml version="1.0" encoding="UTF-8"?>
<testng-results ignored="0" total="1" passed="1" failed="0" skipped="0">
  <reporter-output>
  </reporter-output>
  <suite started-at="2024-07-10T18:49:27 EDT" name="Default suite" finished-at="2024-07-10T18:49:35 EDT" duration-ms="8048">
    <groups>
    </groups>
    <test started-at="2024-07-10T18:49:27 EDT" name="Default test" finished-at="2024-07-10T18:49:35 EDT" duration-ms="8048">
      <class name="diabetesData.Diabetes">
        <test-method signature="setUp()[pri:0, instance:diabetesData.Diabetes@72d1ad2e]" started-at="2024-07-10T18:49:27 EDT" name="setUp" finished-at="2024-07-10T18:49:35 EDT" duration-ms="7991" status="PASS">
          <reporter-output>
          </reporter-output>
        </test-method> <!-- setUp -->
      </class> <!-- diabetesData.Diabetes -->
    </test> <!-- Default test -->
  </suite> <!-- Default suite -->
</testng-results>
